<?xml version="1.0" encoding="UTF-8"?>
<!-- Generated by org.testng.reporters.JUnitReportReporter -->
<testsuite hostname="LTIN203675" failures="0" tests="12" name="test_Book.BaseClass" time="310.433" errors="0" timestamp="2024-03-19T14:21:07 IST" skipped="0">
  <testcase classname="test_Book.BaseClass" name="VerifyWebsite" time="20.746"/>
  <testcase classname="test_Book.BaseClass" name="VerifyWebsite" time="20.639"/>
  <testcase classname="test_Book.BaseClass" name="displayBookShelves" time="39.527"/>
  <testcase classname="test_Book.BaseClass" name="displayBookShelves" time="43.955"/>
  <testcase classname="test_Book.BaseClass" name="ByAtHome" time="23.905"/>
  <testcase classname="test_Book.BaseClass" name="ByAtHome" time="23.836"/>
  <testcase classname="test_Book.BaseClass" name="giftCard" time="44.232"/>
  <testcase classname="test_Book.BaseClass" name="giftCard" time="29.964"/>
  <testcase classname="test_Book.BaseClass" name="giftCardformNegative" time="20.139"/>
  <testcase classname="test_Book.BaseClass" name="giftCardformNegative" time="19.919"/>
  <testcase classname="test_Book.BaseClass" name="giftCardformPositive" time="11.891"/>
  <testcase classname="test_Book.BaseClass" name="giftCardformPositive" time="11.680"/>
</testsuite> <!-- test_Book.BaseClass -->
