<?xml version="1.0" encoding="UTF-8"?>
<!-- Generated by org.testng.reporters.JUnitReportReporter -->
<testsuite hostname="LTIN203675" failures="0" tests="12" name="test_Book.BaseClass" time="238.851" errors="0" timestamp="2024-03-19T09:40:50 IST" skipped="0">
  <testcase classname="test_Book.BaseClass" name="VerifyWebsite" time="20.571"/>
  <testcase classname="test_Book.BaseClass" name="VerifyWebsite" time="20.575"/>
  <testcase classname="test_Book.BaseClass" name="displayBookShelves" time="36.255"/>
  <testcase classname="test_Book.BaseClass" name="displayBookShelves" time="38.835"/>
  <testcase classname="test_Book.BaseClass" name="ByAtHome" time="23.300"/>
  <testcase classname="test_Book.BaseClass" name="ByAtHome" time="23.356"/>
  <testcase classname="test_Book.BaseClass" name="giftCard" time="14.264"/>
  <testcase classname="test_Book.BaseClass" name="giftCard" time="13.658"/>
  <testcase classname="test_Book.BaseClass" name="giftCardformNegative" time="12.447"/>
  <testcase classname="test_Book.BaseClass" name="giftCardformNegative" time="13.126"/>
  <testcase classname="test_Book.BaseClass" name="giftCardformPositive" time="11.112"/>
  <testcase classname="test_Book.BaseClass" name="giftCardformPositive" time="11.352"/>
</testsuite> <!-- test_Book.BaseClass -->
