<?xml version="1.0" encoding="UTF-8"?>
<!-- Generated by org.testng.reporters.JUnitReportReporter -->
<testsuite hostname="LTIN203675" failures="0" tests="12" name="test_Book.BaseClass" time="387.564" errors="0" timestamp="2024-03-07T10:24:07 IST" skipped="0">
  <testcase classname="test_Book.BaseClass" name="VerifyWebsite" time="21.033"/>
  <testcase classname="test_Book.BaseClass" name="VerifyWebsite" time="21.608"/>
  <testcase classname="test_Book.BaseClass" name="displayBookShelves" time="44.266"/>
  <testcase classname="test_Book.BaseClass" name="displayBookShelves" time="101.560"/>
  <testcase classname="test_Book.BaseClass" name="ByAtHome" time="24.161"/>
  <testcase classname="test_Book.BaseClass" name="ByAtHome" time="23.867"/>
  <testcase classname="test_Book.BaseClass" name="giftCard" time="47.958"/>
  <testcase classname="test_Book.BaseClass" name="giftCard" time="45.864"/>
  <testcase classname="test_Book.BaseClass" name="giftCardformNegative" time="16.087"/>
  <testcase classname="test_Book.BaseClass" name="giftCardformNegative" time="17.450"/>
  <testcase classname="test_Book.BaseClass" name="giftCardformPositive" time="11.750"/>
  <testcase classname="test_Book.BaseClass" name="giftCardformPositive" time="11.960"/>
</testsuite> <!-- test_Book.BaseClass -->
