<?xml version="1.0" encoding="UTF-8"?>
<!-- Generated by org.testng.reporters.JUnitReportReporter -->
<testsuite hostname="LTIN203675" failures="0" tests="12" name="test_Book.BaseClass" time="246.937" errors="0" timestamp="2024-03-19T11:03:08 IST" skipped="0">
  <testcase classname="test_Book.BaseClass" name="VerifyWebsite" time="20.657"/>
  <testcase classname="test_Book.BaseClass" name="VerifyWebsite" time="20.538"/>
  <testcase classname="test_Book.BaseClass" name="displayBookShelves" time="36.549"/>
  <testcase classname="test_Book.BaseClass" name="displayBookShelves" time="38.794"/>
  <testcase classname="test_Book.BaseClass" name="ByAtHome" time="23.200"/>
  <testcase classname="test_Book.BaseClass" name="ByAtHome" time="23.216"/>
  <testcase classname="test_Book.BaseClass" name="giftCard" time="13.219"/>
  <testcase classname="test_Book.BaseClass" name="giftCard" time="13.499"/>
  <testcase classname="test_Book.BaseClass" name="giftCardformNegative" time="17.571"/>
  <testcase classname="test_Book.BaseClass" name="giftCardformNegative" time="17.397"/>
  <testcase classname="test_Book.BaseClass" name="giftCardformPositive" time="11.193"/>
  <testcase classname="test_Book.BaseClass" name="giftCardformPositive" time="11.104"/>
</testsuite> <!-- test_Book.BaseClass -->
