<?xml version="1.0" encoding="UTF-8"?>
<!-- Generated by org.testng.reporters.JUnitReportReporter -->
<testsuite hostname="LTIN203675" failures="0" tests="12" name="test_Book.BaseClass" time="248.529" errors="0" timestamp="2024-03-13T16:06:47 IST" skipped="0">
  <testcase classname="test_Book.BaseClass" name="VerifyWebsite" time="20.594"/>
  <testcase classname="test_Book.BaseClass" name="VerifyWebsite" time="20.757"/>
  <testcase classname="test_Book.BaseClass" name="displayBookShelves" time="40.019"/>
  <testcase classname="test_Book.BaseClass" name="displayBookShelves" time="36.835"/>
  <testcase classname="test_Book.BaseClass" name="ByAtHome" time="23.712"/>
  <testcase classname="test_Book.BaseClass" name="ByAtHome" time="23.361"/>
  <testcase classname="test_Book.BaseClass" name="giftCard" time="15.658"/>
  <testcase classname="test_Book.BaseClass" name="giftCard" time="15.993"/>
  <testcase classname="test_Book.BaseClass" name="giftCardformNegative" time="13.368"/>
  <testcase classname="test_Book.BaseClass" name="giftCardformNegative" time="14.447"/>
  <testcase classname="test_Book.BaseClass" name="giftCardformPositive" time="11.872"/>
  <testcase classname="test_Book.BaseClass" name="giftCardformPositive" time="11.913"/>
</testsuite> <!-- test_Book.BaseClass -->
